Build started 2018/6/21 16:25:09.
     1>Project "H:\Hust\大三下\精准医疗信息导论\project\GPU\demo\demo05\demo05\demo05.vcxproj" on node 2 (Build target(s)).
     1>AddCudaCompileDeps:
         C:\Program Files (x86)\Microsoft Visual Studio 12.0\VC\bin\x86_amd64\cl.exe /E /nologo /showIncludes /TP /D__CUDACC__ /DWIN32 /DWIN64 /DNDEBUG /D_CONSOLE /D_MBCS /I"C:\Program Files\NVIDIA GPU Computing Toolkit\CUDA\v9.1\include" /I"C:\Program Files\NVIDIA GPU Computing Toolkit\CUDA\v9.1\bin" /I"C:\Program Files\NVIDIA GPU Computing Toolkit\CUDA\v9.1\include" /I. /FIcuda_runtime.h /c H:\Hust\大三下\精准医疗信息导论\project\GPU\demo\demo05\demo05\kernel.cu 
     1>Project "H:\Hust\大三下\精准医疗信息导论\project\GPU\demo\demo05\demo05\demo05.vcxproj" (1) is building "H:\Hust\大三下\精准医疗信息导论\project\GPU\demo\demo05\demo05\demo05.vcxproj" (1:2) on node 2 (CudaBuildCore target(s)).
     1>CudaBuildCore:
         Compiling CUDA source file kernel.cu...
         cmd.exe /C "C:\Users\YoungChen\AppData\Local\Temp\tmp68c3901160274d37ac9e7feb8476235d.cmd"
         "C:\Program Files\NVIDIA GPU Computing Toolkit\CUDA\v9.1\bin\nvcc.exe" -gencode=arch=compute_30,code=\"sm_30,compute_30\" --use-local-env --cl-version 2013 -ccbin "C:\Program Files (x86)\Microsoft Visual Studio 12.0\VC\bin\x86_amd64" -x cu  -I"C:\Program Files\NVIDIA GPU Computing Toolkit\CUDA\v9.1\include" -I"C:\Program Files\NVIDIA GPU Computing Toolkit\CUDA\v9.1\include"     --keep-dir x64\Release -maxrregcount=0  --machine 64 --compile -cudart static     -DWIN32 -DWIN64 -DNDEBUG -D_CONSOLE -D_MBCS -Xcompiler "/EHsc /W3 /nologo /O2 /FS /Zi  /MD " -o x64\Release\kernel.cu.obj "H:\Hust\大三下\精准医疗信息导论\project\GPU\demo\demo05\demo05\kernel.cu"
         
         H:\Hust\大三下\精准医疗信息导论\project\GPU\demo\demo05\demo05>"C:\Program Files\NVIDIA GPU Computing Toolkit\CUDA\v9.1\bin\nvcc.exe" -gencode=arch=compute_30,code=\"sm_30,compute_30\" --use-local-env --cl-version 2013 -ccbin "C:\Program Files (x86)\Microsoft Visual Studio 12.0\VC\bin\x86_amd64" -x cu  -I"C:\Program Files\NVIDIA GPU Computing Toolkit\CUDA\v9.1\include" -I"C:\Program Files\NVIDIA GPU Computing Toolkit\CUDA\v9.1\include"     --keep-dir x64\Release -maxrregcount=0  --machine 64 --compile -cudart static     -DWIN32 -DWIN64 -DNDEBUG -D_CONSOLE -D_MBCS -Xcompiler "/EHsc /W3 /nologo /O2 /FS /Zi  /MD " -o x64\Release\kernel.cu.obj "H:\Hust\大三下\精准医疗信息导论\project\GPU\demo\demo05\demo05\kernel.cu" 
     1>c:\program files\nvidia gpu computing toolkit\cuda\v9.1\include\crt\math_functions.h : warning C4819: The file contains a character that cannot be represented in the current code page (936). Save the file in Unicode format to prevent data loss
     1>c:\program files\nvidia gpu computing toolkit\cuda\v9.1\include\crt\math_functions.h(838): warning C4819: The file contains a character that cannot be represented in the current code page (936). Save the file in Unicode format to prevent data loss
     1>c:\program files\nvidia gpu computing toolkit\cuda\v9.1\include\crt\math_functions.h(1772): warning C4819: The file contains a character that cannot be represented in the current code page (936). Save the file in Unicode format to prevent data loss
     1>c:\program files\nvidia gpu computing toolkit\cuda\v9.1\include\crt\math_functions.h(2628): warning C4819: The file contains a character that cannot be represented in the current code page (936). Save the file in Unicode format to prevent data loss
     1>c:\program files\nvidia gpu computing toolkit\cuda\v9.1\include\crt\math_functions.h(3477): warning C4819: The file contains a character that cannot be represented in the current code page (936). Save the file in Unicode format to prevent data loss
     1>c:\program files\nvidia gpu computing toolkit\cuda\v9.1\include\crt\math_functions.h(4417): warning C4819: The file contains a character that cannot be represented in the current code page (936). Save the file in Unicode format to prevent data loss
     1>c:\program files\nvidia gpu computing toolkit\cuda\v9.1\include\crt\math_functions.h(5319): warning C4819: The file contains a character that cannot be represented in the current code page (936). Save the file in Unicode format to prevent data loss
     1>c:\program files\nvidia gpu computing toolkit\cuda\v9.1\include\crt\math_functions.h(6229): warning C4819: The file contains a character that cannot be represented in the current code page (936). Save the file in Unicode format to prevent data loss
     1>c:\program files\nvidia gpu computing toolkit\cuda\v9.1\include\crt\math_functions.h(7104): warning C4819: The file contains a character that cannot be represented in the current code page (936). Save the file in Unicode format to prevent data loss
     1>c:\program files\nvidia gpu computing toolkit\cuda\v9.1\include\crt\math_functions.h(7914): warning C4819: The file contains a character that cannot be represented in the current code page (936). Save the file in Unicode format to prevent data loss
     1>c:\program files\nvidia gpu computing toolkit\cuda\v9.1\include\crt/device_functions.h : warning C4819: The file contains a character that cannot be represented in the current code page (936). Save the file in Unicode format to prevent data loss
     1>c:\program files\nvidia gpu computing toolkit\cuda\v9.1\include\crt/device_functions.h(776): warning C4819: The file contains a character that cannot be represented in the current code page (936). Save the file in Unicode format to prevent data loss
     1>c:\program files\nvidia gpu computing toolkit\cuda\v9.1\include\crt/device_functions.h(1636): warning C4819: The file contains a character that cannot be represented in the current code page (936). Save the file in Unicode format to prevent data loss
     1>c:\program files\nvidia gpu computing toolkit\cuda\v9.1\include\crt\device_double_functions.h : warning C4819: The file contains a character that cannot be represented in the current code page (936). Save the file in Unicode format to prevent data loss
     1>c:\program files\nvidia gpu computing toolkit\cuda\v9.1\include\sm_20_intrinsics.h : warning C4819: The file contains a character that cannot be represented in the current code page (936). Save the file in Unicode format to prevent data loss
     1>c:\program files\nvidia gpu computing toolkit\cuda\v9.1\include\sm_20_intrinsics.h(925): warning C4819: The file contains a character that cannot be represented in the current code page (936). Save the file in Unicode format to prevent data loss
     1>c:\program files\nvidia gpu computing toolkit\cuda\v9.1\include\crt\math_functions.h : warning C4819: The file contains a character that cannot be represented in the current code page (936). Save the file in Unicode format to prevent data loss
     1>c:\program files\nvidia gpu computing toolkit\cuda\v9.1\include\crt\math_functions.h(838): warning C4819: The file contains a character that cannot be represented in the current code page (936). Save the file in Unicode format to prevent data loss
     1>c:\program files\nvidia gpu computing toolkit\cuda\v9.1\include\crt\math_functions.h(1772): warning C4819: The file contains a character that cannot be represented in the current code page (936). Save the file in Unicode format to prevent data loss
     1>c:\program files\nvidia gpu computing toolkit\cuda\v9.1\include\crt\math_functions.h(2628): warning C4819: The file contains a character that cannot be represented in the current code page (936). Save the file in Unicode format to prevent data loss
     1>c:\program files\nvidia gpu computing toolkit\cuda\v9.1\include\crt\math_functions.h(3477): warning C4819: The file contains a character that cannot be represented in the current code page (936). Save the file in Unicode format to prevent data loss
     1>c:\program files\nvidia gpu computing toolkit\cuda\v9.1\include\crt\math_functions.h(4417): warning C4819: The file contains a character that cannot be represented in the current code page (936). Save the file in Unicode format to prevent data loss
     1>c:\program files\nvidia gpu computing toolkit\cuda\v9.1\include\crt\math_functions.h(5319): warning C4819: The file contains a character that cannot be represented in the current code page (936). Save the file in Unicode format to prevent data loss
     1>c:\program files\nvidia gpu computing toolkit\cuda\v9.1\include\crt\math_functions.h(6229): warning C4819: The file contains a character that cannot be represented in the current code page (936). Save the file in Unicode format to prevent data loss
     1>c:\program files\nvidia gpu computing toolkit\cuda\v9.1\include\crt\math_functions.h(7104): warning C4819: The file contains a character that cannot be represented in the current code page (936). Save the file in Unicode format to prevent data loss
     1>c:\program files\nvidia gpu computing toolkit\cuda\v9.1\include\crt\math_functions.h(7914): warning C4819: The file contains a character that cannot be represented in the current code page (936). Save the file in Unicode format to prevent data loss
     1>c:\program files\nvidia gpu computing toolkit\cuda\v9.1\include\crt/device_functions.h : warning C4819: The file contains a character that cannot be represented in the current code page (936). Save the file in Unicode format to prevent data loss
     1>c:\program files\nvidia gpu computing toolkit\cuda\v9.1\include\crt/device_functions.h(776): warning C4819: The file contains a character that cannot be represented in the current code page (936). Save the file in Unicode format to prevent data loss
     1>c:\program files\nvidia gpu computing toolkit\cuda\v9.1\include\crt/device_functions.h(1636): warning C4819: The file contains a character that cannot be represented in the current code page (936). Save the file in Unicode format to prevent data loss
     1>c:\program files\nvidia gpu computing toolkit\cuda\v9.1\include\crt\device_double_functions.h : warning C4819: The file contains a character that cannot be represented in the current code page (936). Save the file in Unicode format to prevent data loss
     1>c:\program files\nvidia gpu computing toolkit\cuda\v9.1\include\sm_20_intrinsics.h : warning C4819: The file contains a character that cannot be represented in the current code page (936). Save the file in Unicode format to prevent data loss
     1>c:\program files\nvidia gpu computing toolkit\cuda\v9.1\include\sm_20_intrinsics.h(925): warning C4819: The file contains a character that cannot be represented in the current code page (936). Save the file in Unicode format to prevent data loss
         kernel.cu
     1>H:/Hust/大三下/精准医疗信息导论/project/GPU/demo/demo05/demo05/kernel.cu(222): warning C4267: '=' : conversion from 'size_t' to 'int', possible loss of data
     1>H:/Hust/大三下/精准医疗信息导论/project/GPU/demo/demo05/demo05/kernel.cu(223): warning C4267: '=' : conversion from 'size_t' to 'int', possible loss of data
     1>c:\program files\nvidia gpu computing toolkit\cuda\v9.1\include\crt\math_functions.h : warning C4819: The file contains a character that cannot be represented in the current code page (936). Save the file in Unicode format to prevent data loss
     1>c:\program files\nvidia gpu computing toolkit\cuda\v9.1\include\crt\math_functions.h(838): warning C4819: The file contains a character that cannot be represented in the current code page (936). Save the file in Unicode format to prevent data loss
     1>c:\program files\nvidia gpu computing toolkit\cuda\v9.1\include\crt\math_functions.h(1772): warning C4819: The file contains a character that cannot be represented in the current code page (936). Save the file in Unicode format to prevent data loss
     1>c:\program files\nvidia gpu computing toolkit\cuda\v9.1\include\crt\math_functions.h(2628): warning C4819: The file contains a character that cannot be represented in the current code page (936). Save the file in Unicode format to prevent data loss
     1>c:\program files\nvidia gpu computing toolkit\cuda\v9.1\include\crt\math_functions.h(3477): warning C4819: The file contains a character that cannot be represented in the current code page (936). Save the file in Unicode format to prevent data loss
     1>c:\program files\nvidia gpu computing toolkit\cuda\v9.1\include\crt\math_functions.h(4417): warning C4819: The file contains a character that cannot be represented in the current code page (936). Save the file in Unicode format to prevent data loss
     1>c:\program files\nvidia gpu computing toolkit\cuda\v9.1\include\crt\math_functions.h(5319): warning C4819: The file contains a character that cannot be represented in the current code page (936). Save the file in Unicode format to prevent data loss
     1>c:\program files\nvidia gpu computing toolkit\cuda\v9.1\include\crt\math_functions.h(6229): warning C4819: The file contains a character that cannot be represented in the current code page (936). Save the file in Unicode format to prevent data loss
     1>c:\program files\nvidia gpu computing toolkit\cuda\v9.1\include\crt\math_functions.h(7104): warning C4819: The file contains a character that cannot be represented in the current code page (936). Save the file in Unicode format to prevent data loss
     1>c:\program files\nvidia gpu computing toolkit\cuda\v9.1\include\crt\math_functions.h(7914): warning C4819: The file contains a character that cannot be represented in the current code page (936). Save the file in Unicode format to prevent data loss
     1>Done Building Project "H:\Hust\大三下\精准医疗信息导论\project\GPU\demo\demo05\demo05\demo05.vcxproj" (CudaBuildCore target(s)).
     1>Link:
         C:\Program Files (x86)\Microsoft Visual Studio 12.0\VC\bin\x86_amd64\link.exe /ERRORREPORT:PROMPT /OUT:"H:\Hust\大三下\精准医疗信息导论\project\GPU\demo\demo05\x64\Release\demo05.exe" /NOLOGO /LIBPATH:"C:\Program Files\NVIDIA GPU Computing Toolkit\CUDA\v9.1\lib\x64" cudart.lib kernel32.lib user32.lib gdi32.lib winspool.lib comdlg32.lib advapi32.lib shell32.lib ole32.lib oleaut32.lib uuid.lib odbc32.lib odbccp32.lib kernel32.lib user32.lib gdi32.lib winspool.lib comdlg32.lib advapi32.lib shell32.lib ole32.lib oleaut32.lib uuid.lib odbc32.lib odbccp32.lib /MANIFEST /MANIFESTUAC:"level='asInvoker' uiAccess='false'" /manifest:embed /DEBUG /PDB:"H:\Hust\大三下\精准医疗信息导论\project\GPU\demo\demo05\x64\Release\demo05.pdb" /SUBSYSTEM:CONSOLE /OPT:REF /OPT:ICF /LTCG /TLBID:1 /DYNAMICBASE /NXCOMPAT /IMPLIB:"H:\Hust\大三下\精准医疗信息导论\project\GPU\demo\demo05\x64\Release\demo05.lib" /MACHINE:X64 x64\Release\kernel.cu.obj
         LINK : /LTCG specified but no code generation required; remove /LTCG from the link command line to improve linker performance
         demo05.vcxproj -> H:\Hust\大三下\精准医疗信息导论\project\GPU\demo\demo05\x64\Release\demo05.exe
       PostBuildEvent:
         echo copy "C:\Program Files\NVIDIA GPU Computing Toolkit\CUDA\v9.1\bin\cudart*.dll" "H:\Hust\大三下\精准医疗信息导论\project\GPU\demo\demo05\x64\Release\"
         copy "C:\Program Files\NVIDIA GPU Computing Toolkit\CUDA\v9.1\bin\cudart*.dll" "H:\Hust\大三下\精准医疗信息导论\project\GPU\demo\demo05\x64\Release\"
         :VCEnd
         copy "C:\Program Files\NVIDIA GPU Computing Toolkit\CUDA\v9.1\bin\cudart*.dll" "H:\Hust\大三下\精准医疗信息导论\project\GPU\demo\demo05\x64\Release\"
         C:\Program Files\NVIDIA GPU Computing Toolkit\CUDA\v9.1\bin\cudart32_91.dll
         C:\Program Files\NVIDIA GPU Computing Toolkit\CUDA\v9.1\bin\cudart64_91.dll
         已复制         2 个文件。
     1>Done Building Project "H:\Hust\大三下\精准医疗信息导论\project\GPU\demo\demo05\demo05\demo05.vcxproj" (Build target(s)).

Build succeeded.

Time Elapsed 00:00:03.45
